INFO:     Started server process [33704]
INFO:     Waiting for application startup.
2026-07-04 15:07:03,547 - httpx - INFO - HTTP Request: POST https://api.telegram.org/bot8826968239:AAFbQxtvII1M24nz5wXOAGkQ0tugNkrBeEU/getMe "HTTP/1.1 200 OK"
2026-07-04 15:07:03,550 - telegram.ext.Application - INFO - Application started
2026-07-04 15:07:03,831 - httpx - INFO - HTTP Request: POST https://api.telegram.org/bot8826968239:AAFbQxtvII1M24nz5wXOAGkQ0tugNkrBeEU/deleteWebhook "HTTP/1.1 200 OK"
2026-07-04 15:07:03,833 - app.main - INFO - Bot de Telegram iniciado en modo polling
INFO:     Application startup complete.
INFO:     Uvicorn running on http://127.0.0.1:8001 (Press CTRL+C to quit)
2026-07-04 15:07:04,727 - httpx - INFO - HTTP Request: POST https://api.telegram.org/bot8826968239:AAFbQxtvII1M24nz5wXOAGkQ0tugNkrBeEU/getUpdates "HTTP/1.1 200 OK"
2026-07-04 15:07:05,154 - httpx - INFO - HTTP Request: POST https://api.telegram.org/bot8826968239:AAFbQxtvII1M24nz5wXOAGkQ0tugNkrBeEU/sendMessage "HTTP/1.1 200 OK"
2026-07-04 15:07:05,586 - httpx - INFO - HTTP Request: POST https://api.telegram.org/bot8826968239:AAFbQxtvII1M24nz5wXOAGkQ0tugNkrBeEU/sendMessage "HTTP/1.1 200 OK"
2026-07-04 15:07:05,589 - app.bot.handlers - INFO - Mensaje recibido de 5760715381: Hola
2026-07-04 15:07:06,014 - httpx - INFO - HTTP Request: POST https://api.telegram.org/bot8826968239:AAFbQxtvII1M24nz5wXOAGkQ0tugNkrBeEU/sendMessage "HTTP/1.1 200 OK"
2026-07-04 15:07:15,019 - httpx - INFO - HTTP Request: POST https://api.telegram.org/bot8826968239:AAFbQxtvII1M24nz5wXOAGkQ0tugNkrBeEU/getUpdates "HTTP/1.1 200 OK"
2026-07-04 15:07:25,303 - httpx - INFO - HTTP Request: POST https://api.telegram.org/bot8826968239:AAFbQxtvII1M24nz5wXOAGkQ0tugNkrBeEU/getUpdates "HTTP/1.1 200 OK"
2026-07-04 15:07:35,587 - httpx - INFO - HTTP Request: POST https://api.telegram.org/bot8826968239:AAFbQxtvII1M24nz5wXOAGkQ0tugNkrBeEU/getUpdates "HTTP/1.1 200 OK"
2026-07-04 15:07:45,880 - httpx - INFO - HTTP Request: POST https://api.telegram.org/bot8826968239:AAFbQxtvII1M24nz5wXOAGkQ0tugNkrBeEU/getUpdates "HTTP/1.1 200 OK"
2026-07-04 15:07:56,175 - httpx - INFO - HTTP Request: POST https://api.telegram.org/bot8826968239:AAFbQxtvII1M24nz5wXOAGkQ0tugNkrBeEU/getUpdates "HTTP/1.1 200 OK"
2026-07-04 15:08:06,571 - httpx - INFO - HTTP Request: POST https://api.telegram.org/bot8826968239:AAFbQxtvII1M24nz5wXOAGkQ0tugNkrBeEU/getUpdates "HTTP/1.1 200 OK"
2026-07-04 15:08:16,852 - httpx - INFO - HTTP Request: POST https://api.telegram.org/bot8826968239:AAFbQxtvII1M24nz5wXOAGkQ0tugNkrBeEU/getUpdates "HTTP/1.1 200 OK"
2026-07-04 15:08:27,168 - httpx - INFO - HTTP Request: POST https://api.telegram.org/bot8826968239:AAFbQxtvII1M24nz5wXOAGkQ0tugNkrBeEU/getUpdates "HTTP/1.1 200 OK"
2026-07-04 15:08:37,452 - httpx - INFO - HTTP Request: POST https://api.telegram.org/bot8826968239:AAFbQxtvII1M24nz5wXOAGkQ0tugNkrBeEU/getUpdates "HTTP/1.1 200 OK"
